C:\USERS\OLA\DOCUMENTS\VISUAL STUDIO 2012\PROJECTS\METODY-PROGRAMOWANIA\METOSY PROGRAMOWANIA\PROJEKT_MENU\DEBUG\VC110.PDB
C:\USERS\OLA\DOCUMENTS\VISUAL STUDIO 2012\PROJECTS\METODY-PROGRAMOWANIA\METOSY PROGRAMOWANIA\PROJEKT_MENU\DEBUG\PROJEKT_MENU.OBJ
C:\USERS\OLA\DOCUMENTS\VISUAL STUDIO 2012\PROJECTS\METODY-PROGRAMOWANIA\METOSY PROGRAMOWANIA\PROJEKT_MENU\DEBUG\MENU.OBJ
C:\USERS\OLA\DOCUMENTS\VISUAL STUDIO 2012\PROJECTS\METODY-PROGRAMOWANIA\METOSY PROGRAMOWANIA\DEBUG\PROJEKT_MENU.ILK
C:\USERS\OLA\DOCUMENTS\VISUAL STUDIO 2012\PROJECTS\METODY-PROGRAMOWANIA\METOSY PROGRAMOWANIA\DEBUG\PROJEKT_MENU.EXE
C:\USERS\OLA\DOCUMENTS\VISUAL STUDIO 2012\PROJECTS\METODY-PROGRAMOWANIA\METOSY PROGRAMOWANIA\DEBUG\PROJEKT_MENU.PDB
C:\Users\ola\Documents\Visual Studio 2012\Projects\Metody-programowania\Metosy programowania\projekt_menu\Debug\menu.obj
C:\Users\ola\Documents\Visual Studio 2012\Projects\Metody-programowania\Metosy programowania\projekt_menu\Debug\projekt_menu.obj
C:\Users\ola\Documents\Visual Studio 2012\Projects\Metody-programowania\Metosy programowania\projekt_menu\Debug\cl.command.1.tlog
C:\Users\ola\Documents\Visual Studio 2012\Projects\Metody-programowania\Metosy programowania\projekt_menu\Debug\CL.read.1.tlog
C:\Users\ola\Documents\Visual Studio 2012\Projects\Metody-programowania\Metosy programowania\projekt_menu\Debug\CL.write.1.tlog
C:\Users\ola\Documents\Visual Studio 2012\Projects\Metody-programowania\Metosy programowania\projekt_menu\Debug\link-cvtres.read.1.tlog
C:\Users\ola\Documents\Visual Studio 2012\Projects\Metody-programowania\Metosy programowania\projekt_menu\Debug\link-cvtres.write.1.tlog
C:\Users\ola\Documents\Visual Studio 2012\Projects\Metody-programowania\Metosy programowania\projekt_menu\Debug\link-rc.read.1.tlog
C:\Users\ola\Documents\Visual Studio 2012\Projects\Metody-programowania\Metosy programowania\projekt_menu\Debug\link-rc.write.1.tlog
C:\Users\ola\Documents\Visual Studio 2012\Projects\Metody-programowania\Metosy programowania\projekt_menu\Debug\link.4632-cvtres.read.1.tlog
C:\Users\ola\Documents\Visual Studio 2012\Projects\Metody-programowania\Metosy programowania\projekt_menu\Debug\link.4632-cvtres.write.1.tlog
C:\Users\ola\Documents\Visual Studio 2012\Projects\Metody-programowania\Metosy programowania\projekt_menu\Debug\link.4632-rc.read.1.tlog
C:\Users\ola\Documents\Visual Studio 2012\Projects\Metody-programowania\Metosy programowania\projekt_menu\Debug\link.4632-rc.write.1.tlog
C:\Users\ola\Documents\Visual Studio 2012\Projects\Metody-programowania\Metosy programowania\projekt_menu\Debug\link.4632.read.1.tlog
C:\Users\ola\Documents\Visual Studio 2012\Projects\Metody-programowania\Metosy programowania\projekt_menu\Debug\link.4632.write.1.tlog
C:\Users\ola\Documents\Visual Studio 2012\Projects\Metody-programowania\Metosy programowania\projekt_menu\Debug\link.command.1.tlog
C:\Users\ola\Documents\Visual Studio 2012\Projects\Metody-programowania\Metosy programowania\projekt_menu\Debug\link.read.1.tlog
C:\Users\ola\Documents\Visual Studio 2012\Projects\Metody-programowania\Metosy programowania\projekt_menu\Debug\link.write.1.tlog
C:\Users\ola\Documents\Visual Studio 2012\Projects\Metody-programowania\Metosy programowania\projekt_menu\Debug\vc110.idb
C:\Users\ola\Documents\Visual Studio 2012\Projects\Metody-programowania\Metosy programowania\projekt_menu\Debug\vc110.pdb
C:\Users\ola\Documents\Visual Studio 2012\Projects\Metody-programowania\Metosy programowania\Debug\projekt_menu.pdb
C:\Users\ola\Documents\Visual Studio 2012\Projects\Metody-programowania\Metosy programowania\Debug\projekt_menu.exe
C:\Users\ola\Documents\Visual Studio 2012\Projects\Metody-programowania\Metosy programowania\Debug\projekt_menu.ilk
